<?xml version="1.0" encoding="UTF-8"?>
<coverage generated="1648015474639" clover="3.2.0">
  <project timestamp="1648015474639" name="All files">
    <metrics statements="155" coveredstatements="94" conditionals="110" coveredconditionals="44" methods="33" coveredmethods="24" elements="298" coveredelements="162" complexity="0" loc="155" ncloc="155" packages="11" files="24" classes="24"/>
    <package name="src">
      <metrics statements="12" coveredstatements="2" conditionals="4" coveredconditionals="0" methods="4" coveredmethods="2"/>
      <file name="App.tsx" path="/Users/tinshusasi/Desktop/Tech/Test Code/code test /homespring/frontend/my-app/src/App.tsx">
        <metrics statements="1" coveredstatements="1" conditionals="0" coveredconditionals="0" methods="1" coveredmethods="1"/>
        <line num="6" count="2" type="stmt"/>
      </file>
      <file name="index.tsx" path="/Users/tinshusasi/Desktop/Tech/Test Code/code test /homespring/frontend/my-app/src/index.tsx">
        <metrics statements="2" coveredstatements="0" conditionals="0" coveredconditionals="0" methods="0" coveredmethods="0"/>
        <line num="7" count="0" type="stmt"/>
        <line num="17" count="0" type="stmt"/>
      </file>
      <file name="reportWebVitals.ts" path="/Users/tinshusasi/Desktop/Tech/Test Code/code test /homespring/frontend/my-app/src/reportWebVitals.ts">
        <metrics statements="8" coveredstatements="0" conditionals="4" coveredconditionals="0" methods="2" coveredmethods="0"/>
        <line num="3" count="0" type="stmt"/>
        <line num="4" count="0" type="cond" truecount="0" falsecount="4"/>
        <line num="5" count="0" type="stmt"/>
        <line num="6" count="0" type="stmt"/>
        <line num="7" count="0" type="stmt"/>
        <line num="8" count="0" type="stmt"/>
        <line num="9" count="0" type="stmt"/>
        <line num="10" count="0" type="stmt"/>
      </file>
      <file name="routes.tsx" path="/Users/tinshusasi/Desktop/Tech/Test Code/code test /homespring/frontend/my-app/src/routes.tsx">
        <metrics statements="1" coveredstatements="1" conditionals="0" coveredconditionals="0" methods="1" coveredmethods="1"/>
        <line num="12" count="2" type="stmt"/>
      </file>
    </package>
    <package name="src.components.CardItem">
      <metrics statements="5" coveredstatements="5" conditionals="8" coveredconditionals="1" methods="2" coveredmethods="2"/>
      <file name="index.tsx" path="/Users/tinshusasi/Desktop/Tech/Test Code/code test /homespring/frontend/my-app/src/components/CardItem/index.tsx">
        <metrics statements="3" coveredstatements="3" conditionals="8" coveredconditionals="1" methods="1" coveredmethods="1"/>
        <line num="11" count="4" type="stmt"/>
        <line num="12" count="4" type="cond" truecount="0" falsecount="6"/>
        <line num="14" count="4" type="stmt"/>
      </file>
      <file name="style.ts" path="/Users/tinshusasi/Desktop/Tech/Test Code/code test /homespring/frontend/my-app/src/components/CardItem/style.ts">
        <metrics statements="2" coveredstatements="2" conditionals="0" coveredconditionals="0" methods="1" coveredmethods="1"/>
        <line num="3" count="4" type="stmt"/>
        <line num="4" count="4" type="stmt"/>
      </file>
    </package>
    <package name="src.components.CardList">
      <metrics statements="6" coveredstatements="6" conditionals="4" coveredconditionals="3" methods="3" coveredmethods="3"/>
      <file name="index.tsx" path="/Users/tinshusasi/Desktop/Tech/Test Code/code test /homespring/frontend/my-app/src/components/CardList/index.tsx">
        <metrics statements="4" coveredstatements="4" conditionals="4" coveredconditionals="3" methods="2" coveredmethods="2"/>
        <line num="16" count="2" type="stmt"/>
        <line num="17" count="2" type="cond" truecount="3" falsecount="1"/>
        <line num="18" count="2" type="stmt"/>
        <line num="27" count="2" type="stmt"/>
      </file>
      <file name="style.ts" path="/Users/tinshusasi/Desktop/Tech/Test Code/code test /homespring/frontend/my-app/src/components/CardList/style.ts">
        <metrics statements="2" coveredstatements="2" conditionals="0" coveredconditionals="0" methods="1" coveredmethods="1"/>
        <line num="3" count="3" type="stmt"/>
        <line num="4" count="2" type="stmt"/>
      </file>
    </package>
    <package name="src.components.RatingDropDown">
      <metrics statements="14" coveredstatements="9" conditionals="5" coveredconditionals="0" methods="5" coveredmethods="4"/>
      <file name="index.tsx" path="/Users/tinshusasi/Desktop/Tech/Test Code/code test /homespring/frontend/my-app/src/components/RatingDropDown/index.tsx">
        <metrics statements="12" coveredstatements="7" conditionals="5" coveredconditionals="0" methods="4" coveredmethods="3"/>
        <line num="16" count="15" type="stmt"/>
        <line num="18" count="15" type="stmt"/>
        <line num="20" count="15" type="stmt"/>
        <line num="21" count="7" type="stmt"/>
        <line num="25" count="15" type="stmt"/>
        <line num="28" count="0" type="stmt"/>
        <line num="29" count="0" type="stmt"/>
        <line num="30" count="0" type="cond" truecount="0" falsecount="2"/>
        <line num="31" count="0" type="stmt"/>
        <line num="32" count="0" type="cond" truecount="0" falsecount="2"/>
        <line num="36" count="15" type="stmt"/>
        <line num="60" count="72" type="stmt"/>
      </file>
      <file name="style.ts" path="/Users/tinshusasi/Desktop/Tech/Test Code/code test /homespring/frontend/my-app/src/components/RatingDropDown/style.ts">
        <metrics statements="2" coveredstatements="2" conditionals="0" coveredconditionals="0" methods="1" coveredmethods="1"/>
        <line num="3" count="3" type="stmt"/>
        <line num="4" count="6" type="stmt"/>
      </file>
    </package>
    <package name="src.components.Search">
      <metrics statements="11" coveredstatements="10" conditionals="4" coveredconditionals="2" methods="4" coveredmethods="3"/>
      <file name="index.tsx" path="/Users/tinshusasi/Desktop/Tech/Test Code/code test /homespring/frontend/my-app/src/components/Search/index.tsx">
        <metrics statements="9" coveredstatements="8" conditionals="4" coveredconditionals="2" methods="3" coveredmethods="2"/>
        <line num="13" count="12" type="stmt"/>
        <line num="16" count="12" type="stmt"/>
        <line num="17" count="12" type="stmt"/>
        <line num="19" count="12" type="stmt"/>
        <line num="20" count="0" type="stmt"/>
        <line num="23" count="12" type="stmt"/>
        <line num="24" count="4" type="cond" truecount="1" falsecount="1"/>
        <line num="25" count="4" type="stmt"/>
        <line num="29" count="12" type="stmt"/>
      </file>
      <file name="style.ts" path="/Users/tinshusasi/Desktop/Tech/Test Code/code test /homespring/frontend/my-app/src/components/Search/style.ts">
        <metrics statements="2" coveredstatements="2" conditionals="0" coveredconditionals="0" methods="1" coveredmethods="1"/>
        <line num="4" count="2" type="stmt"/>
        <line num="5" count="3" type="stmt"/>
      </file>
    </package>
    <package name="src.hooks">
      <metrics statements="13" coveredstatements="8" conditionals="0" coveredconditionals="0" methods="2" coveredmethods="2"/>
      <file name="useGetBooksBySearchTerm.tsx" path="/Users/tinshusasi/Desktop/Tech/Test Code/code test /homespring/frontend/my-app/src/hooks/useGetBooksBySearchTerm.tsx">
        <metrics statements="13" coveredstatements="8" conditionals="0" coveredconditionals="0" methods="2" coveredmethods="2"/>
        <line num="6" count="26" type="stmt"/>
        <line num="7" count="26" type="stmt"/>
        <line num="8" count="26" type="stmt"/>
        <line num="11" count="26" type="stmt"/>
        <line num="12" count="4" type="stmt"/>
        <line num="13" count="4" type="stmt"/>
        <line num="14" count="4" type="stmt"/>
        <line num="15" count="0" type="stmt"/>
        <line num="16" count="0" type="stmt"/>
        <line num="20" count="0" type="stmt"/>
        <line num="21" count="0" type="stmt"/>
        <line num="22" count="0" type="stmt"/>
        <line num="27" count="26" type="stmt"/>
      </file>
    </package>
    <package name="src.models.books">
      <metrics statements="0" coveredstatements="0" conditionals="0" coveredconditionals="0" methods="0" coveredmethods="0"/>
      <file name="Book.ts" path="/Users/tinshusasi/Desktop/Tech/Test Code/code test /homespring/frontend/my-app/src/models/books/Book.ts">
        <metrics statements="0" coveredstatements="0" conditionals="0" coveredconditionals="0" methods="0" coveredmethods="0"/>
      </file>
      <file name="BooksResponse.ts" path="/Users/tinshusasi/Desktop/Tech/Test Code/code test /homespring/frontend/my-app/src/models/books/BooksResponse.ts">
        <metrics statements="0" coveredstatements="0" conditionals="0" coveredconditionals="0" methods="0" coveredmethods="0"/>
      </file>
      <file name="ImageLinks.ts" path="/Users/tinshusasi/Desktop/Tech/Test Code/code test /homespring/frontend/my-app/src/models/books/ImageLinks.ts">
        <metrics statements="0" coveredstatements="0" conditionals="0" coveredconditionals="0" methods="0" coveredmethods="0"/>
      </file>
      <file name="VolumeInfo.ts" path="/Users/tinshusasi/Desktop/Tech/Test Code/code test /homespring/frontend/my-app/src/models/books/VolumeInfo.ts">
        <metrics statements="0" coveredstatements="0" conditionals="0" coveredconditionals="0" methods="0" coveredmethods="0"/>
      </file>
    </package>
    <package name="src.pages.Home">
      <metrics statements="75" coveredstatements="38" conditionals="73" coveredconditionals="26" methods="8" coveredmethods="5"/>
      <file name="index.tsx" path="/Users/tinshusasi/Desktop/Tech/Test Code/code test /homespring/frontend/my-app/src/pages/Home/index.tsx">
        <metrics statements="74" coveredstatements="37" conditionals="73" coveredconditionals="26" methods="8" coveredmethods="5"/>
        <line num="20" count="16" type="stmt"/>
        <line num="21" count="16" type="stmt"/>
        <line num="22" count="16" type="stmt"/>
        <line num="23" count="16" type="stmt"/>
        <line num="24" count="16" type="stmt"/>
        <line num="26" count="16" type="stmt"/>
        <line num="27" count="16" type="stmt"/>
        <line num="28" count="16" type="stmt"/>
        <line num="32" count="16" type="stmt"/>
        <line num="33" count="4" type="stmt"/>
        <line num="36" count="16" type="stmt"/>
        <line num="38" count="4" type="stmt"/>
        <line num="39" count="4" type="stmt"/>
        <line num="40" count="4" type="stmt"/>
        <line num="41" count="4" type="stmt"/>
        <line num="42" count="4" type="stmt"/>
        <line num="45" count="4" type="stmt"/>
        <line num="48" count="16" type="stmt"/>
        <line num="50" count="0" type="cond" truecount="0" falsecount="2"/>
        <line num="51" count="0" type="stmt"/>
        <line num="52" count="0" type="stmt"/>
        <line num="54" count="0" type="stmt"/>
        <line num="58" count="16" type="stmt"/>
        <line num="60" count="0" type="stmt"/>
        <line num="61" count="0" type="cond" truecount="0" falsecount="2"/>
        <line num="62" count="0" type="stmt"/>
        <line num="63" count="0" type="stmt"/>
        <line num="65" count="0" type="stmt"/>
        <line num="71" count="16" type="stmt"/>
        <line num="72" count="8" type="stmt"/>
        <line num="73" count="8" type="cond" truecount="2" falsecount="0"/>
        <line num="74" count="8" type="cond" truecount="1" falsecount="1"/>
        <line num="76" count="8" type="cond" truecount="2" falsecount="0"/>
        <line num="77" count="8" type="cond" truecount="1" falsecount="1"/>
        <line num="79" count="8" type="stmt"/>
        <line num="80" count="8" type="stmt"/>
        <line num="82" count="0" type="cond" truecount="0" falsecount="4"/>
        <line num="84" count="0" type="stmt"/>
        <line num="85" count="0" type="stmt"/>
        <line num="87" count="0" type="cond" truecount="0" falsecount="4"/>
        <line num="89" count="0" type="stmt"/>
        <line num="90" count="0" type="stmt"/>
        <line num="95" count="16" type="stmt"/>
        <line num="97" count="4" type="cond" truecount="1" falsecount="1"/>
        <line num="98" count="0" type="cond" truecount="0" falsecount="2"/>
        <line num="99" count="0" type="stmt"/>
        <line num="100" count="0" type="cond" truecount="0" falsecount="2"/>
        <line num="101" count="0" type="cond" truecount="0" falsecount="2"/>
        <line num="102" count="0" type="cond" truecount="0" falsecount="2"/>
        <line num="103" count="0" type="cond" truecount="0" falsecount="2"/>
        <line num="105" count="0" type="stmt"/>
        <line num="106" count="0" type="stmt"/>
        <line num="108" count="0" type="cond" truecount="0" falsecount="4"/>
        <line num="110" count="0" type="stmt"/>
        <line num="111" count="0" type="stmt"/>
        <line num="113" count="0" type="cond" truecount="0" falsecount="4"/>
        <line num="115" count="0" type="stmt"/>
        <line num="116" count="0" type="stmt"/>
        <line num="118" count="0" type="stmt"/>
        <line num="120" count="4" type="stmt"/>
        <line num="121" count="4" type="cond" truecount="2" falsecount="0"/>
        <line num="122" count="4" type="cond" truecount="1" falsecount="1"/>
        <line num="123" count="4" type="cond" truecount="2" falsecount="0"/>
        <line num="124" count="4" type="cond" truecount="1" falsecount="1"/>
        <line num="126" count="4" type="stmt"/>
        <line num="127" count="4" type="stmt"/>
        <line num="129" count="0" type="cond" truecount="0" falsecount="4"/>
        <line num="131" count="0" type="stmt"/>
        <line num="132" count="0" type="stmt"/>
        <line num="134" count="0" type="cond" truecount="0" falsecount="4"/>
        <line num="136" count="0" type="stmt"/>
        <line num="137" count="0" type="stmt"/>
        <line num="139" count="0" type="stmt"/>
        <line num="145" count="16" type="stmt"/>
      </file>
      <file name="style.ts" path="/Users/tinshusasi/Desktop/Tech/Test Code/code test /homespring/frontend/my-app/src/pages/Home/style.ts">
        <metrics statements="1" coveredstatements="1" conditionals="0" coveredconditionals="0" methods="0" coveredmethods="0"/>
        <line num="2" count="2" type="stmt"/>
      </file>
    </package>
    <package name="src.providers">
      <metrics statements="9" coveredstatements="9" conditionals="12" coveredconditionals="12" methods="3" coveredmethods="2"/>
      <file name="BooksProvider.tsx" path="/Users/tinshusasi/Desktop/Tech/Test Code/code test /homespring/frontend/my-app/src/providers/BooksProvider.tsx">
        <metrics statements="9" coveredstatements="9" conditionals="12" coveredconditionals="12" methods="3" coveredmethods="2"/>
        <line num="17" count="6" type="stmt"/>
        <line num="28" count="6" type="stmt"/>
        <line num="29" count="28" type="stmt"/>
        <line num="30" count="28" type="cond" truecount="6" falsecount="0"/>
        <line num="32" count="28" type="stmt"/>
        <line num="42" count="28" type="stmt"/>
        <line num="43" count="16" type="cond" truecount="6" falsecount="0"/>
        <line num="44" count="16" type="stmt"/>
        <line num="59" count="28" type="stmt"/>
      </file>
    </package>
    <package name="src.services">
      <metrics statements="8" coveredstatements="5" conditionals="0" coveredconditionals="0" methods="2" coveredmethods="1"/>
      <file name="books.ts" path="/Users/tinshusasi/Desktop/Tech/Test Code/code test /homespring/frontend/my-app/src/services/books.ts">
        <metrics statements="7" coveredstatements="4" conditionals="0" coveredconditionals="0" methods="2" coveredmethods="1"/>
        <line num="3" count="6" type="stmt"/>
        <line num="5" count="6" type="stmt"/>
        <line num="6" count="4" type="stmt"/>
        <line num="7" count="4" type="stmt"/>
        <line num="8" count="0" type="stmt"/>
        <line num="9" count="0" type="stmt"/>
        <line num="12" count="0" type="stmt"/>
      </file>
      <file name="index.ts" path="/Users/tinshusasi/Desktop/Tech/Test Code/code test /homespring/frontend/my-app/src/services/index.ts">
        <metrics statements="1" coveredstatements="1" conditionals="0" coveredconditionals="0" methods="0" coveredmethods="0"/>
        <line num="3" count="6" type="stmt"/>
      </file>
    </package>
    <package name="src.utils">
      <metrics statements="2" coveredstatements="2" conditionals="0" coveredconditionals="0" methods="0" coveredmethods="0"/>
      <file name="constants.ts" path="/Users/tinshusasi/Desktop/Tech/Test Code/code test /homespring/frontend/my-app/src/utils/constants.ts">
        <metrics statements="1" coveredstatements="1" conditionals="0" coveredconditionals="0" methods="0" coveredmethods="0"/>
        <line num="1" count="2" type="stmt"/>
      </file>
      <file name="literals.ts" path="/Users/tinshusasi/Desktop/Tech/Test Code/code test /homespring/frontend/my-app/src/utils/literals.ts">
        <metrics statements="1" coveredstatements="1" conditionals="0" coveredconditionals="0" methods="0" coveredmethods="0"/>
        <line num="7" count="4" type="stmt"/>
      </file>
    </package>
  </project>
</coverage>
