{"/Users/tinshusasi/Desktop/Tech/Test Code/code test /homespring/frontend/my-app/src/App.tsx": {"path":"/Users/tinshusasi/Desktop/Tech/Test Code/code test /homespring/frontend/my-app/src/App.tsx","statementMap":{"0":{"start":{"line":6,"column":2},"end":{"line":6,"column":22}}},"fnMap":{"0":{"name":"App","decl":{"start":{"line":5,"column":9},"end":{"line":5,"column":12}},"loc":{"start":{"line":5,"column":15},"end":{"line":7,"column":1}},"line":5}},"branchMap":{},"s":{"0":2},"f":{"0":2},"b":{},"_coverageSchema":"1a1c01bbd47fc00a2c39e90264f33305004495a9","hash":"c9f14946dae3c77d9d5caa126cb5346e6e7d159f"}
,"/Users/tinshusasi/Desktop/Tech/Test Code/code test /homespring/frontend/my-app/src/index.tsx": {"path":"/Users/tinshusasi/Desktop/Tech/Test Code/code test /homespring/frontend/my-app/src/index.tsx","statementMap":{"0":{"start":{"line":7,"column":0},"end":{"line":12,"column":2}},"1":{"start":{"line":17,"column":0},"end":{"line":17,"column":18}}},"fnMap":{},"branchMap":{},"s":{"0":0,"1":0},"f":{},"b":{}}
,"/Users/tinshusasi/Desktop/Tech/Test Code/code test /homespring/frontend/my-app/src/reportWebVitals.ts": {"path":"/Users/tinshusasi/Desktop/Tech/Test Code/code test /homespring/frontend/my-app/src/reportWebVitals.ts","statementMap":{"0":{"start":{"line":3,"column":24},"end":{"line":13,"column":1}},"1":{"start":{"line":4,"column":2},"end":{"line":12,"column":3}},"2":{"start":{"line":5,"column":4},"end":{"line":11,"column":7}},"3":{"start":{"line":6,"column":6},"end":{"line":6,"column":26}},"4":{"start":{"line":7,"column":6},"end":{"line":7,"column":26}},"5":{"start":{"line":8,"column":6},"end":{"line":8,"column":26}},"6":{"start":{"line":9,"column":6},"end":{"line":9,"column":26}},"7":{"start":{"line":10,"column":6},"end":{"line":10,"column":27}}},"fnMap":{"0":{"name":"(anonymous_0)","decl":{"start":{"line":3,"column":24},"end":{"line":3,"column":25}},"loc":{"start":{"line":3,"column":57},"end":{"line":13,"column":1}},"line":3},"1":{"name":"(anonymous_1)","decl":{"start":{"line":5,"column":30},"end":{"line":5,"column":31}},"loc":{"start":{"line":5,"column":79},"end":{"line":11,"column":5}},"line":5}},"branchMap":{"0":{"loc":{"start":{"line":4,"column":2},"end":{"line":12,"column":3}},"type":"if","locations":[{"start":{"line":4,"column":2},"end":{"line":12,"column":3}},{"start":{},"end":{}}],"line":4},"1":{"loc":{"start":{"line":4,"column":6},"end":{"line":4,"column":52}},"type":"binary-expr","locations":[{"start":{"line":4,"column":6},"end":{"line":4,"column":17}},{"start":{"line":4,"column":21},"end":{"line":4,"column":52}}],"line":4}},"s":{"0":0,"1":0,"2":0,"3":0,"4":0,"5":0,"6":0,"7":0},"f":{"0":0,"1":0},"b":{"0":[0,0],"1":[0,0]}}
,"/Users/tinshusasi/Desktop/Tech/Test Code/code test /homespring/frontend/my-app/src/routes.tsx": {"path":"/Users/tinshusasi/Desktop/Tech/Test Code/code test /homespring/frontend/my-app/src/routes.tsx","statementMap":{"0":{"start":{"line":12,"column":4},"end":{"line":26,"column":5}}},"fnMap":{"0":{"name":"AppRoutes","decl":{"start":{"line":11,"column":24},"end":{"line":11,"column":33}},"loc":{"start":{"line":11,"column":36},"end":{"line":27,"column":1}},"line":11}},"branchMap":{},"s":{"0":2},"f":{"0":2},"b":{},"_coverageSchema":"1a1c01bbd47fc00a2c39e90264f33305004495a9","hash":"8e784c1b7a14d0b4ca97ff1a4b3c1a65562543a6"}
,"/Users/tinshusasi/Desktop/Tech/Test Code/code test /homespring/frontend/my-app/src/components/CardItem/index.tsx": {"path":"/Users/tinshusasi/Desktop/Tech/Test Code/code test /homespring/frontend/my-app/src/components/CardItem/index.tsx","statementMap":{"0":{"start":{"line":11,"column":20},"end":{"line":11,"column":31}},"1":{"start":{"line":12,"column":152},"end":{"line":12,"column":167}},"2":{"start":{"line":14,"column":4},"end":{"line":48,"column":20}}},"fnMap":{"0":{"name":"CardItem","decl":{"start":{"line":10,"column":24},"end":{"line":10,"column":32}},"loc":{"start":{"line":10,"column":54},"end":{"line":49,"column":1}},"line":10}},"branchMap":{"0":{"loc":{"start":{"line":12,"column":12},"end":{"line":12,"column":24}},"type":"default-arg","locations":[{"start":{"line":12,"column":22},"end":{"line":12,"column":24}}],"line":12},"1":{"loc":{"start":{"line":12,"column":26},"end":{"line":12,"column":43}},"type":"default-arg","locations":[{"start":{"line":12,"column":42},"end":{"line":12,"column":43}}],"line":12},"2":{"loc":{"start":{"line":12,"column":45},"end":{"line":12,"column":60}},"type":"default-arg","locations":[{"start":{"line":12,"column":58},"end":{"line":12,"column":60}}],"line":12},"3":{"loc":{"start":{"line":12,"column":62},"end":{"line":12,"column":80}},"type":"default-arg","locations":[{"start":{"line":12,"column":76},"end":{"line":12,"column":80}}],"line":12},"4":{"loc":{"start":{"line":12,"column":82},"end":{"line":12,"column":99}},"type":"default-arg","locations":[{"start":{"line":12,"column":95},"end":{"line":12,"column":99}}],"line":12},"5":{"loc":{"start":{"line":12,"column":101},"end":{"line":12,"column":114}},"type":"default-arg","locations":[{"start":{"line":12,"column":113},"end":{"line":12,"column":114}}],"line":12},"6":{"loc":{"start":{"line":17,"column":29},"end":{"line":17,"column":61}},"type":"binary-expr","locations":[{"start":{"line":17,"column":29},"end":{"line":17,"column":55}},{"start":{"line":17,"column":59},"end":{"line":17,"column":61}}],"line":17}},"s":{"0":4,"1":4,"2":4},"f":{"0":4},"b":{"0":[0],"1":[0],"2":[0],"3":[0],"4":[0],"5":[0],"6":[4,0]},"_coverageSchema":"1a1c01bbd47fc00a2c39e90264f33305004495a9","hash":"cefeec029fad8445794a95d1bfe4cd17143d86c8"}
,"/Users/tinshusasi/Desktop/Tech/Test Code/code test /homespring/frontend/my-app/src/components/CardItem/style.ts": {"path":"/Users/tinshusasi/Desktop/Tech/Test Code/code test /homespring/frontend/my-app/src/components/CardItem/style.ts","statementMap":{"0":{"start":{"line":3,"column":18},"end":{"line":47,"column":1}},"1":{"start":{"line":4,"column":4},"end":{"line":46,"column":6}}},"fnMap":{"0":{"name":"(anonymous_0)","decl":{"start":{"line":3,"column":29},"end":{"line":3,"column":30}},"loc":{"start":{"line":4,"column":4},"end":{"line":46,"column":6}},"line":4}},"branchMap":{},"s":{"0":4,"1":4},"f":{"0":4},"b":{},"_coverageSchema":"1a1c01bbd47fc00a2c39e90264f33305004495a9","hash":"d09d435a0af41e14ca957f34a544e535a5b1853d"}
,"/Users/tinshusasi/Desktop/Tech/Test Code/code test /homespring/frontend/my-app/src/components/CardList/index.tsx": {"path":"/Users/tinshusasi/Desktop/Tech/Test Code/code test /homespring/frontend/my-app/src/components/CardList/index.tsx","statementMap":{"0":{"start":{"line":16,"column":20},"end":{"line":16,"column":31}},"1":{"start":{"line":17,"column":20},"end":{"line":25,"column":17}},"2":{"start":{"line":18,"column":8},"end":{"line":22,"column":15}},"3":{"start":{"line":27,"column":4},"end":{"line":36,"column":5}}},"fnMap":{"0":{"name":"CardList","decl":{"start":{"line":15,"column":24},"end":{"line":15,"column":32}},"loc":{"start":{"line":15,"column":55},"end":{"line":38,"column":1}},"line":15},"1":{"name":"(anonymous_1)","decl":{"start":{"line":17,"column":55},"end":{"line":17,"column":56}},"loc":{"start":{"line":17,"column":63},"end":{"line":23,"column":5}},"line":17}},"branchMap":{"0":{"loc":{"start":{"line":17,"column":20},"end":{"line":25,"column":17}},"type":"cond-expr","locations":[{"start":{"line":17,"column":44},"end":{"line":23,"column":6}},{"start":{"line":23,"column":9},"end":{"line":25,"column":17}}],"line":17},"1":{"loc":{"start":{"line":17,"column":20},"end":{"line":17,"column":41}},"type":"binary-expr","locations":[{"start":{"line":17,"column":20},"end":{"line":17,"column":25}},{"start":{"line":17,"column":29},"end":{"line":17,"column":41}}],"line":17}},"s":{"0":2,"1":2,"2":2,"3":2},"f":{"0":2,"1":2},"b":{"0":[2,0],"1":[2,2]},"_coverageSchema":"1a1c01bbd47fc00a2c39e90264f33305004495a9","hash":"70ae05092bca75bd04fda067c2690e1f1bec0300"}
,"/Users/tinshusasi/Desktop/Tech/Test Code/code test /homespring/frontend/my-app/src/components/CardList/style.ts": {"path":"/Users/tinshusasi/Desktop/Tech/Test Code/code test /homespring/frontend/my-app/src/components/CardList/style.ts","statementMap":{"0":{"start":{"line":3,"column":18},"end":{"line":13,"column":1}},"1":{"start":{"line":4,"column":4},"end":{"line":12,"column":6}}},"fnMap":{"0":{"name":"(anonymous_0)","decl":{"start":{"line":3,"column":29},"end":{"line":3,"column":30}},"loc":{"start":{"line":4,"column":4},"end":{"line":12,"column":6}},"line":4}},"branchMap":{},"s":{"0":3,"1":2},"f":{"0":2},"b":{},"_coverageSchema":"1a1c01bbd47fc00a2c39e90264f33305004495a9","hash":"e413d23c4c69706c49a832e6edc598b20a786caf"}
,"/Users/tinshusasi/Desktop/Tech/Test Code/code test /homespring/frontend/my-app/src/components/RatingDropDown/index.tsx": {"path":"/Users/tinshusasi/Desktop/Tech/Test Code/code test /homespring/frontend/my-app/src/components/RatingDropDown/index.tsx","statementMap":{"0":{"start":{"line":16,"column":20},"end":{"line":16,"column":31}},"1":{"start":{"line":18,"column":30},"end":{"line":18,"column":65}},"2":{"start":{"line":20,"column":4},"end":{"line":22,"column":16}},"3":{"start":{"line":21,"column":8},"end":{"line":21,"column":24}},"4":{"start":{"line":25,"column":25},"end":{"line":33,"column":5}},"5":{"start":{"line":28,"column":12},"end":{"line":28,"column":17}},"6":{"start":{"line":29,"column":24},"end":{"line":29,"column":39}},"7":{"start":{"line":30,"column":23},"end":{"line":30,"column":53}},"8":{"start":{"line":31,"column":8},"end":{"line":31,"column":24}},"9":{"start":{"line":32,"column":8},"end":{"line":32,"column":50}},"10":{"start":{"line":32,"column":28},"end":{"line":32,"column":50}},"11":{"start":{"line":36,"column":4},"end":{"line":70,"column":5}},"12":{"start":{"line":60,"column":32},"end":{"line":62,"column":43}}},"fnMap":{"0":{"name":"RatingDropdown","decl":{"start":{"line":15,"column":24},"end":{"line":15,"column":38}},"loc":{"start":{"line":15,"column":103},"end":{"line":71,"column":1}},"line":15},"1":{"name":"(anonymous_1)","decl":{"start":{"line":20,"column":14},"end":{"line":20,"column":15}},"loc":{"start":{"line":20,"column":20},"end":{"line":22,"column":5}},"line":20},"2":{"name":"(anonymous_2)","decl":{"start":{"line":25,"column":25},"end":{"line":25,"column":26}},"loc":{"start":{"line":25,"column":75},"end":{"line":33,"column":5}},"line":25},"3":{"name":"(anonymous_3)","decl":{"start":{"line":59,"column":41},"end":{"line":59,"column":42}},"loc":{"start":{"line":60,"column":32},"end":{"line":62,"column":43}},"line":60}},"branchMap":{"0":{"loc":{"start":{"line":15,"column":66},"end":{"line":15,"column":77}},"type":"default-arg","locations":[{"start":{"line":15,"column":75},"end":{"line":15,"column":77}}],"line":15},"1":{"loc":{"start":{"line":30,"column":23},"end":{"line":30,"column":53}},"type":"cond-expr","locations":[{"start":{"line":30,"column":41},"end":{"line":30,"column":48}},{"start":{"line":30,"column":51},"end":{"line":30,"column":53}}],"line":30},"2":{"loc":{"start":{"line":32,"column":8},"end":{"line":32,"column":50}},"type":"if","locations":[{"start":{"line":32,"column":8},"end":{"line":32,"column":50}},{"start":{},"end":{}}],"line":32}},"s":{"0":15,"1":15,"2":15,"3":7,"4":15,"5":0,"6":0,"7":0,"8":0,"9":0,"10":0,"11":15,"12":72},"f":{"0":15,"1":7,"2":0,"3":72},"b":{"0":[0],"1":[0,0],"2":[0,0]},"_coverageSchema":"1a1c01bbd47fc00a2c39e90264f33305004495a9","hash":"78d4e7dc9443e7dbb066ced8d4013b69e6837019"}
,"/Users/tinshusasi/Desktop/Tech/Test Code/code test /homespring/frontend/my-app/src/components/RatingDropDown/style.ts": {"path":"/Users/tinshusasi/Desktop/Tech/Test Code/code test /homespring/frontend/my-app/src/components/RatingDropDown/style.ts","statementMap":{"0":{"start":{"line":3,"column":18},"end":{"line":17,"column":1}},"1":{"start":{"line":4,"column":4},"end":{"line":16,"column":6}}},"fnMap":{"0":{"name":"(anonymous_0)","decl":{"start":{"line":3,"column":29},"end":{"line":3,"column":30}},"loc":{"start":{"line":4,"column":4},"end":{"line":16,"column":6}},"line":4}},"branchMap":{},"s":{"0":3,"1":6},"f":{"0":6},"b":{},"_coverageSchema":"1a1c01bbd47fc00a2c39e90264f33305004495a9","hash":"8c1590fd5dae6583d91d55d0dcce22a88498ce17"}
,"/Users/tinshusasi/Desktop/Tech/Test Code/code test /homespring/frontend/my-app/src/components/Search/index.tsx": {"path":"/Users/tinshusasi/Desktop/Tech/Test Code/code test /homespring/frontend/my-app/src/components/Search/index.tsx","statementMap":{"0":{"start":{"line":13,"column":20},"end":{"line":13,"column":31}},"1":{"start":{"line":16,"column":26},"end":{"line":16,"column":41}},"2":{"start":{"line":17,"column":27},"end":{"line":17,"column":56}},"3":{"start":{"line":19,"column":25},"end":{"line":21,"column":5}},"4":{"start":{"line":20,"column":8},"end":{"line":20,"column":34}},"5":{"start":{"line":23,"column":4},"end":{"line":27,"column":24}},"6":{"start":{"line":24,"column":8},"end":{"line":26,"column":9}},"7":{"start":{"line":25,"column":12},"end":{"line":25,"column":25}},"8":{"start":{"line":29,"column":4},"end":{"line":44,"column":5}}},"fnMap":{"0":{"name":"Search","decl":{"start":{"line":12,"column":24},"end":{"line":12,"column":30}},"loc":{"start":{"line":12,"column":95},"end":{"line":45,"column":1}},"line":12},"1":{"name":"(anonymous_1)","decl":{"start":{"line":19,"column":25},"end":{"line":19,"column":26}},"loc":{"start":{"line":19,"column":67},"end":{"line":21,"column":5}},"line":19},"2":{"name":"(anonymous_2)","decl":{"start":{"line":23,"column":14},"end":{"line":23,"column":15}},"loc":{"start":{"line":23,"column":20},"end":{"line":27,"column":5}},"line":23}},"branchMap":{"0":{"loc":{"start":{"line":12,"column":33},"end":{"line":12,"column":43}},"type":"default-arg","locations":[{"start":{"line":12,"column":41},"end":{"line":12,"column":43}}],"line":12},"1":{"loc":{"start":{"line":12,"column":55},"end":{"line":12,"column":77}},"type":"default-arg","locations":[{"start":{"line":12,"column":69},"end":{"line":12,"column":77}}],"line":12},"2":{"loc":{"start":{"line":24,"column":8},"end":{"line":26,"column":9}},"type":"if","locations":[{"start":{"line":24,"column":8},"end":{"line":26,"column":9}},{"start":{},"end":{}}],"line":24}},"s":{"0":12,"1":12,"2":12,"3":12,"4":0,"5":12,"6":4,"7":4,"8":12},"f":{"0":12,"1":0,"2":4},"b":{"0":[0],"1":[12],"2":[4,0]},"_coverageSchema":"1a1c01bbd47fc00a2c39e90264f33305004495a9","hash":"0c8f59f1007b43781a5c52c74a8831dd535d8c70"}
,"/Users/tinshusasi/Desktop/Tech/Test Code/code test /homespring/frontend/my-app/src/components/Search/style.ts": {"path":"/Users/tinshusasi/Desktop/Tech/Test Code/code test /homespring/frontend/my-app/src/components/Search/style.ts","statementMap":{"0":{"start":{"line":4,"column":18},"end":{"line":11,"column":1}},"1":{"start":{"line":5,"column":4},"end":{"line":10,"column":6}}},"fnMap":{"0":{"name":"(anonymous_0)","decl":{"start":{"line":4,"column":29},"end":{"line":4,"column":30}},"loc":{"start":{"line":5,"column":4},"end":{"line":10,"column":6}},"line":5}},"branchMap":{},"s":{"0":2,"1":3},"f":{"0":3},"b":{},"_coverageSchema":"1a1c01bbd47fc00a2c39e90264f33305004495a9","hash":"8126045a503f84157470323722cc6dfe9f0c2aee"}
,"/Users/tinshusasi/Desktop/Tech/Test Code/code test /homespring/frontend/my-app/src/hooks/useGetBooksBySearchTerm.tsx": {"path":"/Users/tinshusasi/Desktop/Tech/Test Code/code test /homespring/frontend/my-app/src/hooks/useGetBooksBySearchTerm.tsx","statementMap":{"0":{"start":{"line":6,"column":34},"end":{"line":6,"column":49}},"1":{"start":{"line":7,"column":30},"end":{"line":7,"column":49}},"2":{"start":{"line":8,"column":28},"end":{"line":8,"column":64}},"3":{"start":{"line":11,"column":33},"end":{"line":25,"column":5}},"4":{"start":{"line":12,"column":8},"end":{"line":23,"column":9}},"5":{"start":{"line":13,"column":12},"end":{"line":13,"column":28}},"6":{"start":{"line":14,"column":24},"end":{"line":14,"column":83}},"7":{"start":{"line":15,"column":12},"end":{"line":15,"column":25}},"8":{"start":{"line":16,"column":12},"end":{"line":16,"column":29}},"9":{"start":{"line":20,"column":12},"end":{"line":20,"column":29}},"10":{"start":{"line":21,"column":12},"end":{"line":21,"column":25}},"11":{"start":{"line":22,"column":12},"end":{"line":22,"column":45}},"12":{"start":{"line":27,"column":4},"end":{"line":27,"column":57}}},"fnMap":{"0":{"name":"useGetBooksBySearchTerm","decl":{"start":{"line":5,"column":24},"end":{"line":5,"column":47}},"loc":{"start":{"line":5,"column":50},"end":{"line":28,"column":1}},"line":5},"1":{"name":"(anonymous_1)","decl":{"start":{"line":11,"column":33},"end":{"line":11,"column":34}},"loc":{"start":{"line":11,"column":63},"end":{"line":25,"column":5}},"line":11}},"branchMap":{},"s":{"0":26,"1":26,"2":26,"3":26,"4":4,"5":4,"6":4,"7":0,"8":0,"9":0,"10":0,"11":0,"12":26},"f":{"0":26,"1":4},"b":{},"_coverageSchema":"1a1c01bbd47fc00a2c39e90264f33305004495a9","hash":"99d0b5206a960e70cd8c57a706d9ff3788a2c196"}
,"/Users/tinshusasi/Desktop/Tech/Test Code/code test /homespring/frontend/my-app/src/models/books/Book.ts": {"path":"/Users/tinshusasi/Desktop/Tech/Test Code/code test /homespring/frontend/my-app/src/models/books/Book.ts","statementMap":{},"fnMap":{},"branchMap":{},"s":{},"f":{},"b":{}}
,"/Users/tinshusasi/Desktop/Tech/Test Code/code test /homespring/frontend/my-app/src/models/books/BooksResponse.ts": {"path":"/Users/tinshusasi/Desktop/Tech/Test Code/code test /homespring/frontend/my-app/src/models/books/BooksResponse.ts","statementMap":{},"fnMap":{},"branchMap":{},"s":{},"f":{},"b":{}}
,"/Users/tinshusasi/Desktop/Tech/Test Code/code test /homespring/frontend/my-app/src/models/books/ImageLinks.ts": {"path":"/Users/tinshusasi/Desktop/Tech/Test Code/code test /homespring/frontend/my-app/src/models/books/ImageLinks.ts","statementMap":{},"fnMap":{},"branchMap":{},"s":{},"f":{},"b":{}}
,"/Users/tinshusasi/Desktop/Tech/Test Code/code test /homespring/frontend/my-app/src/models/books/VolumeInfo.ts": {"path":"/Users/tinshusasi/Desktop/Tech/Test Code/code test /homespring/frontend/my-app/src/models/books/VolumeInfo.ts","statementMap":{},"fnMap":{},"branchMap":{},"s":{},"f":{},"b":{}}
,"/Users/tinshusasi/Desktop/Tech/Test Code/code test /homespring/frontend/my-app/src/pages/Home/index.tsx": {"path":"/Users/tinshusasi/Desktop/Tech/Test Code/code test /homespring/frontend/my-app/src/pages/Home/index.tsx","statementMap":{"0":{"start":{"line":20,"column":20},"end":{"line":20,"column":31}},"1":{"start":{"line":21,"column":40},"end":{"line":21,"column":52}},"2":{"start":{"line":22,"column":90},"end":{"line":22,"column":114}},"3":{"start":{"line":23,"column":44},"end":{"line":23,"column":83}},"4":{"start":{"line":24,"column":38},"end":{"line":24,"column":77}},"5":{"start":{"line":26,"column":54},"end":{"line":26,"column":73}},"6":{"start":{"line":27,"column":52},"end":{"line":27,"column":71}},"7":{"start":{"line":28,"column":44},"end":{"line":28,"column":69}},"8":{"start":{"line":32,"column":21},"end":{"line":34,"column":5}},"9":{"start":{"line":33,"column":8},"end":{"line":33,"column":26}},"10":{"start":{"line":36,"column":4},"end":{"line":46,"column":20}},"11":{"start":{"line":38,"column":8},"end":{"line":38,"column":27}},"12":{"start":{"line":39,"column":8},"end":{"line":39,"column":34}},"13":{"start":{"line":40,"column":8},"end":{"line":40,"column":31}},"14":{"start":{"line":41,"column":8},"end":{"line":41,"column":30}},"15":{"start":{"line":42,"column":8},"end":{"line":42,"column":31}},"16":{"start":{"line":45,"column":8},"end":{"line":45,"column":40}},"17":{"start":{"line":48,"column":28},"end":{"line":55,"column":5}},"18":{"start":{"line":50,"column":8},"end":{"line":53,"column":9}},"19":{"start":{"line":51,"column":12},"end":{"line":51,"column":31}},"20":{"start":{"line":52,"column":12},"end":{"line":52,"column":18}},"21":{"start":{"line":54,"column":8},"end":{"line":54,"column":31}},"22":{"start":{"line":58,"column":25},"end":{"line":68,"column":5}},"23":{"start":{"line":60,"column":27},"end":{"line":60,"column":49}},"24":{"start":{"line":61,"column":8},"end":{"line":64,"column":9}},"25":{"start":{"line":62,"column":12},"end":{"line":62,"column":74}},"26":{"start":{"line":63,"column":12},"end":{"line":63,"column":18}},"27":{"start":{"line":65,"column":8},"end":{"line":65,"column":58}},"28":{"start":{"line":71,"column":4},"end":{"line":93,"column":31}},"29":{"start":{"line":72,"column":8},"end":{"line":72,"column":30}},"30":{"start":{"line":73,"column":8},"end":{"line":73,"column":48}},"31":{"start":{"line":74,"column":8},"end":{"line":74,"column":79}},"32":{"start":{"line":76,"column":24},"end":{"line":76,"column":42}},"33":{"start":{"line":77,"column":8},"end":{"line":81,"column":9}},"34":{"start":{"line":79,"column":12},"end":{"line":79,"column":35}},"35":{"start":{"line":80,"column":12},"end":{"line":80,"column":18}},"36":{"start":{"line":82,"column":8},"end":{"line":86,"column":9}},"37":{"start":{"line":84,"column":12},"end":{"line":84,"column":41}},"38":{"start":{"line":85,"column":12},"end":{"line":85,"column":18}},"39":{"start":{"line":87,"column":8},"end":{"line":91,"column":9}},"40":{"start":{"line":89,"column":12},"end":{"line":89,"column":45}},"41":{"start":{"line":90,"column":12},"end":{"line":90,"column":18}},"42":{"start":{"line":95,"column":4},"end":{"line":141,"column":22}},"43":{"start":{"line":97,"column":8},"end":{"line":119,"column":9}},"44":{"start":{"line":98,"column":30},"end":{"line":98,"column":133}},"45":{"start":{"line":98,"column":52},"end":{"line":98,"column":132}},"46":{"start":{"line":99,"column":12},"end":{"line":99,"column":38}},"47":{"start":{"line":100,"column":12},"end":{"line":100,"column":56}},"48":{"start":{"line":101,"column":12},"end":{"line":101,"column":91}},"49":{"start":{"line":102,"column":12},"end":{"line":102,"column":44}},"50":{"start":{"line":103,"column":12},"end":{"line":107,"column":13}},"51":{"start":{"line":105,"column":16},"end":{"line":105,"column":39}},"52":{"start":{"line":106,"column":16},"end":{"line":106,"column":22}},"53":{"start":{"line":108,"column":12},"end":{"line":112,"column":13}},"54":{"start":{"line":110,"column":16},"end":{"line":110,"column":49}},"55":{"start":{"line":111,"column":16},"end":{"line":111,"column":22}},"56":{"start":{"line":113,"column":12},"end":{"line":117,"column":13}},"57":{"start":{"line":115,"column":16},"end":{"line":115,"column":53}},"58":{"start":{"line":116,"column":16},"end":{"line":116,"column":22}},"59":{"start":{"line":118,"column":12},"end":{"line":118,"column":18}},"60":{"start":{"line":120,"column":8},"end":{"line":120,"column":30}},"61":{"start":{"line":121,"column":8},"end":{"line":121,"column":48}},"62":{"start":{"line":122,"column":8},"end":{"line":122,"column":79}},"63":{"start":{"line":123,"column":8},"end":{"line":123,"column":36}},"64":{"start":{"line":124,"column":8},"end":{"line":128,"column":9}},"65":{"start":{"line":126,"column":12},"end":{"line":126,"column":35}},"66":{"start":{"line":127,"column":12},"end":{"line":127,"column":18}},"67":{"start":{"line":129,"column":8},"end":{"line":133,"column":9}},"68":{"start":{"line":131,"column":12},"end":{"line":131,"column":41}},"69":{"start":{"line":132,"column":12},"end":{"line":132,"column":18}},"70":{"start":{"line":134,"column":8},"end":{"line":138,"column":9}},"71":{"start":{"line":136,"column":12},"end":{"line":136,"column":45}},"72":{"start":{"line":137,"column":12},"end":{"line":137,"column":18}},"73":{"start":{"line":139,"column":8},"end":{"line":139,"column":14}},"74":{"start":{"line":145,"column":4},"end":{"line":170,"column":27}}},"fnMap":{"0":{"name":"Home","decl":{"start":{"line":19,"column":24},"end":{"line":19,"column":28}},"loc":{"start":{"line":19,"column":31},"end":{"line":171,"column":1}},"line":19},"1":{"name":"(anonymous_1)","decl":{"start":{"line":32,"column":21},"end":{"line":32,"column":22}},"loc":{"start":{"line":32,"column":38},"end":{"line":34,"column":5}},"line":32},"2":{"name":"(anonymous_2)","decl":{"start":{"line":36,"column":14},"end":{"line":36,"column":15}},"loc":{"start":{"line":36,"column":20},"end":{"line":46,"column":5}},"line":36},"3":{"name":"(anonymous_3)","decl":{"start":{"line":48,"column":28},"end":{"line":48,"column":29}},"loc":{"start":{"line":48,"column":53},"end":{"line":55,"column":5}},"line":48},"4":{"name":"(anonymous_4)","decl":{"start":{"line":58,"column":25},"end":{"line":58,"column":26}},"loc":{"start":{"line":58,"column":53},"end":{"line":68,"column":5}},"line":58},"5":{"name":"(anonymous_5)","decl":{"start":{"line":71,"column":14},"end":{"line":71,"column":15}},"loc":{"start":{"line":71,"column":20},"end":{"line":93,"column":5}},"line":71},"6":{"name":"(anonymous_6)","decl":{"start":{"line":95,"column":14},"end":{"line":95,"column":15}},"loc":{"start":{"line":95,"column":20},"end":{"line":141,"column":5}},"line":95},"7":{"name":"(anonymous_7)","decl":{"start":{"line":98,"column":44},"end":{"line":98,"column":45}},"loc":{"start":{"line":98,"column":52},"end":{"line":98,"column":132}},"line":98}},"branchMap":{"0":{"loc":{"start":{"line":50,"column":8},"end":{"line":53,"column":9}},"type":"if","locations":[{"start":{"line":50,"column":8},"end":{"line":53,"column":9}},{"start":{},"end":{}}],"line":50},"1":{"loc":{"start":{"line":61,"column":8},"end":{"line":64,"column":9}},"type":"if","locations":[{"start":{"line":61,"column":8},"end":{"line":64,"column":9}},{"start":{},"end":{}}],"line":61},"2":{"loc":{"start":{"line":73,"column":29},"end":{"line":73,"column":47}},"type":"binary-expr","locations":[{"start":{"line":73,"column":29},"end":{"line":73,"column":42}},{"start":{"line":73,"column":46},"end":{"line":73,"column":47}}],"line":73},"3":{"loc":{"start":{"line":74,"column":28},"end":{"line":74,"column":78}},"type":"cond-expr","locations":[{"start":{"line":74,"column":44},"end":{"line":74,"column":74}},{"start":{"line":74,"column":77},"end":{"line":74,"column":78}}],"line":74},"4":{"loc":{"start":{"line":76,"column":24},"end":{"line":76,"column":42}},"type":"binary-expr","locations":[{"start":{"line":76,"column":24},"end":{"line":76,"column":37}},{"start":{"line":76,"column":41},"end":{"line":76,"column":42}}],"line":76},"5":{"loc":{"start":{"line":77,"column":8},"end":{"line":81,"column":9}},"type":"if","locations":[{"start":{"line":77,"column":8},"end":{"line":81,"column":9}},{"start":{},"end":{}}],"line":77},"6":{"loc":{"start":{"line":82,"column":8},"end":{"line":86,"column":9}},"type":"if","locations":[{"start":{"line":82,"column":8},"end":{"line":86,"column":9}},{"start":{},"end":{}}],"line":82},"7":{"loc":{"start":{"line":82,"column":12},"end":{"line":82,"column":35}},"type":"binary-expr","locations":[{"start":{"line":82,"column":12},"end":{"line":82,"column":19}},{"start":{"line":82,"column":23},"end":{"line":82,"column":35}}],"line":82},"8":{"loc":{"start":{"line":87,"column":8},"end":{"line":91,"column":9}},"type":"if","locations":[{"start":{"line":87,"column":8},"end":{"line":91,"column":9}},{"start":{},"end":{}}],"line":87},"9":{"loc":{"start":{"line":87,"column":12},"end":{"line":87,"column":36}},"type":"binary-expr","locations":[{"start":{"line":87,"column":12},"end":{"line":87,"column":19}},{"start":{"line":87,"column":23},"end":{"line":87,"column":36}}],"line":87},"10":{"loc":{"start":{"line":97,"column":8},"end":{"line":119,"column":9}},"type":"if","locations":[{"start":{"line":97,"column":8},"end":{"line":119,"column":9}},{"start":{},"end":{}}],"line":97},"11":{"loc":{"start":{"line":98,"column":52},"end":{"line":98,"column":132}},"type":"binary-expr","locations":[{"start":{"line":98,"column":52},"end":{"line":98,"column":82}},{"start":{"line":98,"column":86},"end":{"line":98,"column":132}}],"line":98},"12":{"loc":{"start":{"line":100,"column":33},"end":{"line":100,"column":55}},"type":"binary-expr","locations":[{"start":{"line":100,"column":33},"end":{"line":100,"column":50}},{"start":{"line":100,"column":54},"end":{"line":100,"column":55}}],"line":100},"13":{"loc":{"start":{"line":101,"column":32},"end":{"line":101,"column":90}},"type":"cond-expr","locations":[{"start":{"line":101,"column":52},"end":{"line":101,"column":86}},{"start":{"line":101,"column":89},"end":{"line":101,"column":90}}],"line":101},"14":{"loc":{"start":{"line":102,"column":22},"end":{"line":102,"column":44}},"type":"binary-expr","locations":[{"start":{"line":102,"column":22},"end":{"line":102,"column":39}},{"start":{"line":102,"column":43},"end":{"line":102,"column":44}}],"line":102},"15":{"loc":{"start":{"line":103,"column":12},"end":{"line":107,"column":13}},"type":"if","locations":[{"start":{"line":103,"column":12},"end":{"line":107,"column":13}},{"start":{},"end":{}}],"line":103},"16":{"loc":{"start":{"line":108,"column":12},"end":{"line":112,"column":13}},"type":"if","locations":[{"start":{"line":108,"column":12},"end":{"line":112,"column":13}},{"start":{},"end":{}}],"line":108},"17":{"loc":{"start":{"line":108,"column":16},"end":{"line":108,"column":39}},"type":"binary-expr","locations":[{"start":{"line":108,"column":16},"end":{"line":108,"column":23}},{"start":{"line":108,"column":27},"end":{"line":108,"column":39}}],"line":108},"18":{"loc":{"start":{"line":113,"column":12},"end":{"line":117,"column":13}},"type":"if","locations":[{"start":{"line":113,"column":12},"end":{"line":117,"column":13}},{"start":{},"end":{}}],"line":113},"19":{"loc":{"start":{"line":113,"column":16},"end":{"line":113,"column":40}},"type":"binary-expr","locations":[{"start":{"line":113,"column":16},"end":{"line":113,"column":23}},{"start":{"line":113,"column":27},"end":{"line":113,"column":40}}],"line":113},"20":{"loc":{"start":{"line":121,"column":29},"end":{"line":121,"column":47}},"type":"binary-expr","locations":[{"start":{"line":121,"column":29},"end":{"line":121,"column":42}},{"start":{"line":121,"column":46},"end":{"line":121,"column":47}}],"line":121},"21":{"loc":{"start":{"line":122,"column":28},"end":{"line":122,"column":78}},"type":"cond-expr","locations":[{"start":{"line":122,"column":44},"end":{"line":122,"column":74}},{"start":{"line":122,"column":77},"end":{"line":122,"column":78}}],"line":122},"22":{"loc":{"start":{"line":123,"column":18},"end":{"line":123,"column":36}},"type":"binary-expr","locations":[{"start":{"line":123,"column":18},"end":{"line":123,"column":31}},{"start":{"line":123,"column":35},"end":{"line":123,"column":36}}],"line":123},"23":{"loc":{"start":{"line":124,"column":8},"end":{"line":128,"column":9}},"type":"if","locations":[{"start":{"line":124,"column":8},"end":{"line":128,"column":9}},{"start":{},"end":{}}],"line":124},"24":{"loc":{"start":{"line":129,"column":8},"end":{"line":133,"column":9}},"type":"if","locations":[{"start":{"line":129,"column":8},"end":{"line":133,"column":9}},{"start":{},"end":{}}],"line":129},"25":{"loc":{"start":{"line":129,"column":12},"end":{"line":129,"column":35}},"type":"binary-expr","locations":[{"start":{"line":129,"column":12},"end":{"line":129,"column":19}},{"start":{"line":129,"column":23},"end":{"line":129,"column":35}}],"line":129},"26":{"loc":{"start":{"line":134,"column":8},"end":{"line":138,"column":9}},"type":"if","locations":[{"start":{"line":134,"column":8},"end":{"line":138,"column":9}},{"start":{},"end":{}}],"line":134},"27":{"loc":{"start":{"line":134,"column":12},"end":{"line":134,"column":36}},"type":"binary-expr","locations":[{"start":{"line":134,"column":12},"end":{"line":134,"column":19}},{"start":{"line":134,"column":23},"end":{"line":134,"column":36}}],"line":134},"28":{"loc":{"start":{"line":155,"column":29},"end":{"line":157,"column":34}},"type":"binary-expr","locations":[{"start":{"line":155,"column":29},"end":{"line":155,"column":36}},{"start":{"line":155,"column":40},"end":{"line":157,"column":34}}],"line":155},"29":{"loc":{"start":{"line":158,"column":29},"end":{"line":158,"column":101}},"type":"cond-expr","locations":[{"start":{"line":158,"column":64},"end":{"line":158,"column":94}},{"start":{"line":158,"column":97},"end":{"line":158,"column":101}}],"line":158},"30":{"loc":{"start":{"line":158,"column":29},"end":{"line":158,"column":61}},"type":"binary-expr","locations":[{"start":{"line":158,"column":29},"end":{"line":158,"column":39}},{"start":{"line":158,"column":43},"end":{"line":158,"column":51}},{"start":{"line":158,"column":55},"end":{"line":158,"column":61}}],"line":158},"31":{"loc":{"start":{"line":159,"column":29},"end":{"line":161,"column":48}},"type":"cond-expr","locations":[{"start":{"line":159,"column":65},"end":{"line":161,"column":41}},{"start":{"line":161,"column":44},"end":{"line":161,"column":48}}],"line":159},"32":{"loc":{"start":{"line":159,"column":29},"end":{"line":159,"column":62}},"type":"binary-expr","locations":[{"start":{"line":159,"column":29},"end":{"line":159,"column":40}},{"start":{"line":159,"column":44},"end":{"line":159,"column":52}},{"start":{"line":159,"column":56},"end":{"line":159,"column":62}}],"line":159},"33":{"loc":{"start":{"line":164,"column":25},"end":{"line":166,"column":37}},"type":"cond-expr","locations":[{"start":{"line":164,"column":66},"end":{"line":166,"column":30}},{"start":{"line":166,"column":33},"end":{"line":166,"column":37}}],"line":164},"34":{"loc":{"start":{"line":164,"column":25},"end":{"line":164,"column":63}},"type":"binary-expr","locations":[{"start":{"line":164,"column":25},"end":{"line":164,"column":33}},{"start":{"line":164,"column":37},"end":{"line":164,"column":43}},{"start":{"line":164,"column":47},"end":{"line":164,"column":63}}],"line":164}},"s":{"0":16,"1":16,"2":16,"3":16,"4":16,"5":16,"6":16,"7":16,"8":16,"9":4,"10":16,"11":4,"12":4,"13":4,"14":4,"15":4,"16":4,"17":16,"18":0,"19":0,"20":0,"21":0,"22":16,"23":0,"24":0,"25":0,"26":0,"27":0,"28":16,"29":8,"30":8,"31":8,"32":8,"33":8,"34":8,"35":8,"36":0,"37":0,"38":0,"39":0,"40":0,"41":0,"42":16,"43":4,"44":0,"45":0,"46":0,"47":0,"48":0,"49":0,"50":0,"51":0,"52":0,"53":0,"54":0,"55":0,"56":0,"57":0,"58":0,"59":0,"60":4,"61":4,"62":4,"63":4,"64":4,"65":4,"66":4,"67":0,"68":0,"69":0,"70":0,"71":0,"72":0,"73":0,"74":16},"f":{"0":16,"1":4,"2":4,"3":0,"4":0,"5":8,"6":4,"7":0},"b":{"0":[0,0],"1":[0,0],"2":[8,8],"3":[0,8],"4":[8,8],"5":[8,0],"6":[0,0],"7":[0,0],"8":[0,0],"9":[0,0],"10":[0,4],"11":[0,0],"12":[0,0],"13":[0,0],"14":[0,0],"15":[0,0],"16":[0,0],"17":[0,0],"18":[0,0],"19":[0,0],"20":[4,4],"21":[0,4],"22":[4,4],"23":[4,0],"24":[0,0],"25":[0,0],"26":[0,0],"27":[0,0],"28":[16,8],"29":[0,16],"30":[16,0,0],"31":[8,8],"32":[16,16,8],"33":[0,16],"34":[16,8,8]},"_coverageSchema":"1a1c01bbd47fc00a2c39e90264f33305004495a9","hash":"37c4d94923f5a7a91c050d999f53365c9c0a7a10"}
,"/Users/tinshusasi/Desktop/Tech/Test Code/code test /homespring/frontend/my-app/src/pages/Home/style.ts": {"path":"/Users/tinshusasi/Desktop/Tech/Test Code/code test /homespring/frontend/my-app/src/pages/Home/style.ts","statementMap":{"0":{"start":{"line":2,"column":18},"end":{"line":31,"column":2}}},"fnMap":{},"branchMap":{},"s":{"0":2},"f":{},"b":{},"_coverageSchema":"1a1c01bbd47fc00a2c39e90264f33305004495a9","hash":"9a77073ecaae0e17cc34af13a13c3777edddfa7f"}
,"/Users/tinshusasi/Desktop/Tech/Test Code/code test /homespring/frontend/my-app/src/providers/BooksProvider.tsx": {"path":"/Users/tinshusasi/Desktop/Tech/Test Code/code test /homespring/frontend/my-app/src/providers/BooksProvider.tsx","statementMap":{"0":{"start":{"line":17,"column":28},"end":{"line":26,"column":2}},"1":{"start":{"line":28,"column":22},"end":{"line":66,"column":1}},"2":{"start":{"line":29,"column":59},"end":{"line":29,"column":84}},"3":{"start":{"line":30,"column":84},"end":{"line":30,"column":94}},"4":{"start":{"line":32,"column":30},"end":{"line":40,"column":6}},"5":{"start":{"line":42,"column":4},"end":{"line":56,"column":30}},"6":{"start":{"line":43,"column":88},"end":{"line":43,"column":98}},"7":{"start":{"line":44,"column":8},"end":{"line":53,"column":10}},"8":{"start":{"line":59,"column":4},"end":{"line":65,"column":6}}},"fnMap":{"0":{"name":"(anonymous_0)","decl":{"start":{"line":20,"column":26},"end":{"line":20,"column":27}},"loc":{"start":{"line":20,"column":32},"end":{"line":20,"column":35}},"line":20},"1":{"name":"(anonymous_1)","decl":{"start":{"line":28,"column":22},"end":{"line":28,"column":23}},"loc":{"start":{"line":28,"column":60},"end":{"line":66,"column":1}},"line":28},"2":{"name":"(anonymous_2)","decl":{"start":{"line":42,"column":14},"end":{"line":42,"column":15}},"loc":{"start":{"line":42,"column":20},"end":{"line":56,"column":5}},"line":42}},"branchMap":{"0":{"loc":{"start":{"line":30,"column":19},"end":{"line":30,"column":36}},"type":"default-arg","locations":[{"start":{"line":30,"column":27},"end":{"line":30,"column":36}}],"line":30},"1":{"loc":{"start":{"line":30,"column":38},"end":{"line":30,"column":52}},"type":"default-arg","locations":[{"start":{"line":30,"column":51},"end":{"line":30,"column":52}}],"line":30},"2":{"loc":{"start":{"line":30,"column":54},"end":{"line":30,"column":63}},"type":"default-arg","locations":[{"start":{"line":30,"column":61},"end":{"line":30,"column":63}}],"line":30},"3":{"loc":{"start":{"line":30,"column":65},"end":{"line":30,"column":79}},"type":"default-arg","locations":[{"start":{"line":30,"column":78},"end":{"line":30,"column":79}}],"line":30},"4":{"loc":{"start":{"line":30,"column":84},"end":{"line":30,"column":94}},"type":"binary-expr","locations":[{"start":{"line":30,"column":84},"end":{"line":30,"column":88}},{"start":{"line":30,"column":92},"end":{"line":30,"column":94}}],"line":30},"5":{"loc":{"start":{"line":43,"column":23},"end":{"line":43,"column":40}},"type":"default-arg","locations":[{"start":{"line":43,"column":31},"end":{"line":43,"column":40}}],"line":43},"6":{"loc":{"start":{"line":43,"column":42},"end":{"line":43,"column":56}},"type":"default-arg","locations":[{"start":{"line":43,"column":55},"end":{"line":43,"column":56}}],"line":43},"7":{"loc":{"start":{"line":43,"column":58},"end":{"line":43,"column":67}},"type":"default-arg","locations":[{"start":{"line":43,"column":65},"end":{"line":43,"column":67}}],"line":43},"8":{"loc":{"start":{"line":43,"column":69},"end":{"line":43,"column":83}},"type":"default-arg","locations":[{"start":{"line":43,"column":82},"end":{"line":43,"column":83}}],"line":43},"9":{"loc":{"start":{"line":43,"column":88},"end":{"line":43,"column":98}},"type":"binary-expr","locations":[{"start":{"line":43,"column":88},"end":{"line":43,"column":92}},{"start":{"line":43,"column":96},"end":{"line":43,"column":98}}],"line":43}},"s":{"0":6,"1":6,"2":28,"3":28,"4":28,"5":28,"6":16,"7":16,"8":28},"f":{"0":0,"1":28,"2":16},"b":{"0":[28],"1":[28],"2":[28],"3":[28],"4":[28,26],"5":[16],"6":[16],"7":[16],"8":[16],"9":[16,15]},"_coverageSchema":"1a1c01bbd47fc00a2c39e90264f33305004495a9","hash":"b52e9bc4262e79539445284e80d969b30adfc4bc"}
,"/Users/tinshusasi/Desktop/Tech/Test Code/code test /homespring/frontend/my-app/src/services/books.ts": {"path":"/Users/tinshusasi/Desktop/Tech/Test Code/code test /homespring/frontend/my-app/src/services/books.ts","statementMap":{"0":{"start":{"line":3,"column":16},"end":{"line":3,"column":44}},"1":{"start":{"line":5,"column":36},"end":{"line":15,"column":1}},"2":{"start":{"line":6,"column":4},"end":{"line":13,"column":5}},"3":{"start":{"line":7,"column":25},"end":{"line":8,"column":34}},"4":{"start":{"line":8,"column":25},"end":{"line":8,"column":33}},"5":{"start":{"line":9,"column":8},"end":{"line":9,"column":23}},"6":{"start":{"line":12,"column":8},"end":{"line":12,"column":26}}},"fnMap":{"0":{"name":"(anonymous_0)","decl":{"start":{"line":5,"column":36},"end":{"line":5,"column":37}},"loc":{"start":{"line":5,"column":80},"end":{"line":15,"column":1}},"line":5},"1":{"name":"(anonymous_1)","decl":{"start":{"line":8,"column":18},"end":{"line":8,"column":19}},"loc":{"start":{"line":8,"column":25},"end":{"line":8,"column":33}},"line":8}},"branchMap":{},"s":{"0":6,"1":6,"2":4,"3":4,"4":0,"5":0,"6":0},"f":{"0":4,"1":0},"b":{},"_coverageSchema":"1a1c01bbd47fc00a2c39e90264f33305004495a9","hash":"a7e636af63f66ab682fa19641e4329bb2b550d5d"}
,"/Users/tinshusasi/Desktop/Tech/Test Code/code test /homespring/frontend/my-app/src/services/index.ts": {"path":"/Users/tinshusasi/Desktop/Tech/Test Code/code test /homespring/frontend/my-app/src/services/index.ts","statementMap":{"0":{"start":{"line":3,"column":17},"end":{"line":5,"column":1}}},"fnMap":{},"branchMap":{},"s":{"0":6},"f":{},"b":{},"_coverageSchema":"1a1c01bbd47fc00a2c39e90264f33305004495a9","hash":"6b3491d5c801e1144d7e035fff23638af2af183a"}
,"/Users/tinshusasi/Desktop/Tech/Test Code/code test /homespring/frontend/my-app/src/utils/constants.ts": {"path":"/Users/tinshusasi/Desktop/Tech/Test Code/code test /homespring/frontend/my-app/src/utils/constants.ts","statementMap":{"0":{"start":{"line":1,"column":33},"end":{"line":1,"column":48}}},"fnMap":{},"branchMap":{},"s":{"0":2},"f":{},"b":{},"_coverageSchema":"1a1c01bbd47fc00a2c39e90264f33305004495a9","hash":"e3a79ce2062b83d46ffb784ef651947dc8842c3c"}
,"/Users/tinshusasi/Desktop/Tech/Test Code/code test /homespring/frontend/my-app/src/utils/literals.ts": {"path":"/Users/tinshusasi/Desktop/Tech/Test Code/code test /homespring/frontend/my-app/src/utils/literals.ts","statementMap":{"0":{"start":{"line":7,"column":27},"end":{"line":12,"column":1}}},"fnMap":{},"branchMap":{},"s":{"0":4},"f":{},"b":{},"_coverageSchema":"1a1c01bbd47fc00a2c39e90264f33305004495a9","hash":"6e9ba4b6014332f65a261ff41b27116d6f5a82f7"}
}
