TN:
SF:src/App.tsx
FN:5,App
FNF:1
FNH:1
FNDA:2,App
DA:6,2
LF:1
LH:1
BRF:0
BRH:0
end_of_record
TN:
SF:src/index.tsx
FNF:0
FNH:0
DA:7,0
DA:17,0
LF:2
LH:0
BRF:0
BRH:0
end_of_record
TN:
SF:src/reportWebVitals.ts
FN:3,(anonymous_0)
FN:5,(anonymous_1)
FNF:2
FNH:0
FNDA:0,(anonymous_0)
FNDA:0,(anonymous_1)
DA:3,0
DA:4,0
DA:5,0
DA:6,0
DA:7,0
DA:8,0
DA:9,0
DA:10,0
LF:8
LH:0
BRDA:4,0,0,0
BRDA:4,0,1,0
BRDA:4,1,0,0
BRDA:4,1,1,0
BRF:4
BRH:0
end_of_record
TN:
SF:src/routes.tsx
FN:11,AppRoutes
FNF:1
FNH:1
FNDA:2,AppRoutes
DA:12,2
LF:1
LH:1
BRF:0
BRH:0
end_of_record
TN:
SF:src/components/CardItem/index.tsx
FN:10,CardItem
FNF:1
FNH:1
FNDA:4,CardItem
DA:11,4
DA:12,4
DA:14,4
LF:3
LH:3
BRDA:12,0,0,0
BRDA:12,1,0,0
BRDA:12,2,0,0
BRDA:12,3,0,0
BRDA:12,4,0,0
BRDA:12,5,0,0
BRDA:17,6,0,4
BRDA:17,6,1,0
BRF:8
BRH:1
end_of_record
TN:
SF:src/components/CardItem/style.ts
FN:3,(anonymous_0)
FNF:1
FNH:1
FNDA:4,(anonymous_0)
DA:3,4
DA:4,4
LF:2
LH:2
BRF:0
BRH:0
end_of_record
TN:
SF:src/components/CardList/index.tsx
FN:15,CardList
FN:17,(anonymous_1)
FNF:2
FNH:2
FNDA:2,CardList
FNDA:2,(anonymous_1)
DA:16,2
DA:17,2
DA:18,2
DA:27,2
LF:4
LH:4
BRDA:17,0,0,2
BRDA:17,0,1,0
BRDA:17,1,0,2
BRDA:17,1,1,2
BRF:4
BRH:3
end_of_record
TN:
SF:src/components/CardList/style.ts
FN:3,(anonymous_0)
FNF:1
FNH:1
FNDA:2,(anonymous_0)
DA:3,3
DA:4,2
LF:2
LH:2
BRF:0
BRH:0
end_of_record
TN:
SF:src/components/RatingDropDown/index.tsx
FN:15,RatingDropdown
FN:20,(anonymous_1)
FN:25,(anonymous_2)
FN:59,(anonymous_3)
FNF:4
FNH:3
FNDA:15,RatingDropdown
FNDA:7,(anonymous_1)
FNDA:0,(anonymous_2)
FNDA:72,(anonymous_3)
DA:16,15
DA:18,15
DA:20,15
DA:21,7
DA:25,15
DA:28,0
DA:29,0
DA:30,0
DA:31,0
DA:32,0
DA:36,15
DA:60,72
LF:12
LH:7
BRDA:15,0,0,0
BRDA:30,1,0,0
BRDA:30,1,1,0
BRDA:32,2,0,0
BRDA:32,2,1,0
BRF:5
BRH:0
end_of_record
TN:
SF:src/components/RatingDropDown/style.ts
FN:3,(anonymous_0)
FNF:1
FNH:1
FNDA:6,(anonymous_0)
DA:3,3
DA:4,6
LF:2
LH:2
BRF:0
BRH:0
end_of_record
TN:
SF:src/components/Search/index.tsx
FN:12,Search
FN:19,(anonymous_1)
FN:23,(anonymous_2)
FNF:3
FNH:2
FNDA:12,Search
FNDA:0,(anonymous_1)
FNDA:4,(anonymous_2)
DA:13,12
DA:16,12
DA:17,12
DA:19,12
DA:20,0
DA:23,12
DA:24,4
DA:25,4
DA:29,12
LF:9
LH:8
BRDA:12,0,0,0
BRDA:12,1,0,12
BRDA:24,2,0,4
BRDA:24,2,1,0
BRF:4
BRH:2
end_of_record
TN:
SF:src/components/Search/style.ts
FN:4,(anonymous_0)
FNF:1
FNH:1
FNDA:3,(anonymous_0)
DA:4,2
DA:5,3
LF:2
LH:2
BRF:0
BRH:0
end_of_record
TN:
SF:src/hooks/useGetBooksBySearchTerm.tsx
FN:5,useGetBooksBySearchTerm
FN:11,(anonymous_1)
FNF:2
FNH:2
FNDA:26,useGetBooksBySearchTerm
FNDA:4,(anonymous_1)
DA:6,26
DA:7,26
DA:8,26
DA:11,26
DA:12,4
DA:13,4
DA:14,4
DA:15,0
DA:16,0
DA:20,0
DA:21,0
DA:22,0
DA:27,26
LF:13
LH:8
BRF:0
BRH:0
end_of_record
TN:
SF:src/models/books/Book.ts
FNF:0
FNH:0
LF:0
LH:0
BRF:0
BRH:0
end_of_record
TN:
SF:src/models/books/BooksResponse.ts
FNF:0
FNH:0
LF:0
LH:0
BRF:0
BRH:0
end_of_record
TN:
SF:src/models/books/ImageLinks.ts
FNF:0
FNH:0
LF:0
LH:0
BRF:0
BRH:0
end_of_record
TN:
SF:src/models/books/VolumeInfo.ts
FNF:0
FNH:0
LF:0
LH:0
BRF:0
BRH:0
end_of_record
TN:
SF:src/pages/Home/index.tsx
FN:19,Home
FN:32,(anonymous_1)
FN:36,(anonymous_2)
FN:48,(anonymous_3)
FN:58,(anonymous_4)
FN:71,(anonymous_5)
FN:95,(anonymous_6)
FN:98,(anonymous_7)
FNF:8
FNH:5
FNDA:16,Home
FNDA:4,(anonymous_1)
FNDA:4,(anonymous_2)
FNDA:0,(anonymous_3)
FNDA:0,(anonymous_4)
FNDA:8,(anonymous_5)
FNDA:4,(anonymous_6)
FNDA:0,(anonymous_7)
DA:20,16
DA:21,16
DA:22,16
DA:23,16
DA:24,16
DA:26,16
DA:27,16
DA:28,16
DA:32,16
DA:33,4
DA:36,16
DA:38,4
DA:39,4
DA:40,4
DA:41,4
DA:42,4
DA:45,4
DA:48,16
DA:50,0
DA:51,0
DA:52,0
DA:54,0
DA:58,16
DA:60,0
DA:61,0
DA:62,0
DA:63,0
DA:65,0
DA:71,16
DA:72,8
DA:73,8
DA:74,8
DA:76,8
DA:77,8
DA:79,8
DA:80,8
DA:82,0
DA:84,0
DA:85,0
DA:87,0
DA:89,0
DA:90,0
DA:95,16
DA:97,4
DA:98,0
DA:99,0
DA:100,0
DA:101,0
DA:102,0
DA:103,0
DA:105,0
DA:106,0
DA:108,0
DA:110,0
DA:111,0
DA:113,0
DA:115,0
DA:116,0
DA:118,0
DA:120,4
DA:121,4
DA:122,4
DA:123,4
DA:124,4
DA:126,4
DA:127,4
DA:129,0
DA:131,0
DA:132,0
DA:134,0
DA:136,0
DA:137,0
DA:139,0
DA:145,16
LF:74
LH:37
BRDA:50,0,0,0
BRDA:50,0,1,0
BRDA:61,1,0,0
BRDA:61,1,1,0
BRDA:73,2,0,8
BRDA:73,2,1,8
BRDA:74,3,0,0
BRDA:74,3,1,8
BRDA:76,4,0,8
BRDA:76,4,1,8
BRDA:77,5,0,8
BRDA:77,5,1,0
BRDA:82,6,0,0
BRDA:82,6,1,0
BRDA:82,7,0,0
BRDA:82,7,1,0
BRDA:87,8,0,0
BRDA:87,8,1,0
BRDA:87,9,0,0
BRDA:87,9,1,0
BRDA:97,10,0,0
BRDA:97,10,1,4
BRDA:98,11,0,0
BRDA:98,11,1,0
BRDA:100,12,0,0
BRDA:100,12,1,0
BRDA:101,13,0,0
BRDA:101,13,1,0
BRDA:102,14,0,0
BRDA:102,14,1,0
BRDA:103,15,0,0
BRDA:103,15,1,0
BRDA:108,16,0,0
BRDA:108,16,1,0
BRDA:108,17,0,0
BRDA:108,17,1,0
BRDA:113,18,0,0
BRDA:113,18,1,0
BRDA:113,19,0,0
BRDA:113,19,1,0
BRDA:121,20,0,4
BRDA:121,20,1,4
BRDA:122,21,0,0
BRDA:122,21,1,4
BRDA:123,22,0,4
BRDA:123,22,1,4
BRDA:124,23,0,4
BRDA:124,23,1,0
BRDA:129,24,0,0
BRDA:129,24,1,0
BRDA:129,25,0,0
BRDA:129,25,1,0
BRDA:134,26,0,0
BRDA:134,26,1,0
BRDA:134,27,0,0
BRDA:134,27,1,0
BRDA:155,28,0,16
BRDA:155,28,1,8
BRDA:158,29,0,0
BRDA:158,29,1,16
BRDA:158,30,0,16
BRDA:158,30,1,0
BRDA:158,30,2,0
BRDA:159,31,0,8
BRDA:159,31,1,8
BRDA:159,32,0,16
BRDA:159,32,1,16
BRDA:159,32,2,8
BRDA:164,33,0,0
BRDA:164,33,1,16
BRDA:164,34,0,16
BRDA:164,34,1,8
BRDA:164,34,2,8
BRF:73
BRH:26
end_of_record
TN:
SF:src/pages/Home/style.ts
FNF:0
FNH:0
DA:2,2
LF:1
LH:1
BRF:0
BRH:0
end_of_record
TN:
SF:src/providers/BooksProvider.tsx
FN:20,(anonymous_0)
FN:28,(anonymous_1)
FN:42,(anonymous_2)
FNF:3
FNH:2
FNDA:0,(anonymous_0)
FNDA:28,(anonymous_1)
FNDA:16,(anonymous_2)
DA:17,6
DA:28,6
DA:29,28
DA:30,28
DA:32,28
DA:42,28
DA:43,16
DA:44,16
DA:59,28
LF:9
LH:9
BRDA:30,0,0,28
BRDA:30,1,0,28
BRDA:30,2,0,28
BRDA:30,3,0,28
BRDA:30,4,0,28
BRDA:30,4,1,26
BRDA:43,5,0,16
BRDA:43,6,0,16
BRDA:43,7,0,16
BRDA:43,8,0,16
BRDA:43,9,0,16
BRDA:43,9,1,15
BRF:12
BRH:12
end_of_record
TN:
SF:src/services/books.ts
FN:5,(anonymous_0)
FN:8,(anonymous_1)
FNF:2
FNH:1
FNDA:4,(anonymous_0)
FNDA:0,(anonymous_1)
DA:3,6
DA:5,6
DA:6,4
DA:7,4
DA:8,0
DA:9,0
DA:12,0
LF:7
LH:4
BRF:0
BRH:0
end_of_record
TN:
SF:src/services/index.ts
FNF:0
FNH:0
DA:3,6
LF:1
LH:1
BRF:0
BRH:0
end_of_record
TN:
SF:src/utils/constants.ts
FNF:0
FNH:0
DA:1,2
LF:1
LH:1
BRF:0
BRH:0
end_of_record
TN:
SF:src/utils/literals.ts
FNF:0
FNH:0
DA:7,4
LF:1
LH:1
BRF:0
BRH:0
end_of_record
