{"/Users/tinshusasi/Desktop/Tech/Test Code/code test /homespring/backend/src/index.ts": {"path":"/Users/tinshusasi/Desktop/Tech/Test Code/code test /homespring/backend/src/index.ts","statementMap":{"0":{"start":{"line":2,"column":0},"end":{"line":2,"column":33}},"1":{"start":{"line":3,"column":0},"end":{"line":3,"column":16}},"2":{"start":{"line":5,"column":0},"end":{"line":5,"column":35}},"3":{"start":{"line":6,"column":0},"end":{"line":6,"column":29}},"4":{"start":{"line":7,"column":0},"end":{"line":7,"column":28}},"5":{"start":{"line":8,"column":0},"end":{"line":8,"column":34}},"6":{"start":{"line":10,"column":0},"end":{"line":12,"column":null}},"7":{"start":{"line":11,"column":4},"end":{"line":11,"column":20}},"8":{"start":{"line":14,"column":21},"end":{"line":14,"column":61}},"9":{"start":{"line":16,"column":13},"end":{"line":16,"column":29}},"10":{"start":{"line":18,"column":0},"end":{"line":18,"column":18}},"11":{"start":{"line":19,"column":0},"end":{"line":19,"column":16}},"12":{"start":{"line":20,"column":0},"end":{"line":20,"column":24}},"13":{"start":{"line":22,"column":0},"end":{"line":22,"column":null}},"14":{"start":{"line":24,"column":0},"end":{"line":26,"column":3}},"15":{"start":{"line":25,"column":4},"end":{"line":25,"column":45}},"16":{"start":{"line":28,"column":0},"end":{"line":28,"column":null}}},"fnMap":{"0":{"name":"(anonymous_0)","decl":{"start":{"line":24,"column":17},"end":{"line":24,"column":null}},"loc":{"start":{"line":24,"column":17},"end":{"line":26,"column":1}}}},"branchMap":{"0":{"loc":{"start":{"line":10,"column":0},"end":{"line":12,"column":null}},"type":"if","locations":[{"start":{"line":10,"column":0},"end":{"line":12,"column":null}}]}},"s":{"0":1,"1":1,"2":1,"3":1,"4":1,"5":1,"6":1,"7":0,"8":1,"9":1,"10":1,"11":1,"12":1,"13":1,"14":1,"15":1,"16":1},"f":{"0":1},"b":{"0":[0]}}
,"/Users/tinshusasi/Desktop/Tech/Test Code/code test /homespring/backend/src/controllers/books.ts": {"path":"/Users/tinshusasi/Desktop/Tech/Test Code/code test /homespring/backend/src/controllers/books.ts","statementMap":{"0":{"start":{"line":2,"column":0},"end":{"line":2,"column":40}},"1":{"start":{"line":5,"column":24},"end":{"line":18,"column":null}},"2":{"start":{"line":5,"column":58},"end":{"line":18,"column":null}},"3":{"start":{"line":7,"column":14},"end":{"line":7,"column":null}},"4":{"start":{"line":8,"column":14},"end":{"line":8,"column":null}},"5":{"start":{"line":9,"column":14},"end":{"line":9,"column":null}},"6":{"start":{"line":10,"column":26},"end":{"line":10,"column":null}},"7":{"start":{"line":10,"column":14},"end":{"line":10,"column":null}},"8":{"start":{"line":11,"column":8},"end":{"line":11,"column":null}},"9":{"start":{"line":15,"column":8},"end":{"line":15,"column":null}},"10":{"start":{"line":20,"column":0},"end":{"line":22,"column":null}}},"fnMap":{"0":{"name":"(anonymous_13)","decl":{"start":{"line":5,"column":24},"end":{"line":5,"column":31}},"loc":{"start":{"line":5,"column":58},"end":{"line":18,"column":null}}},"1":{"name":"(anonymous_14)","decl":{"start":{"line":5,"column":58},"end":{"line":5,"column":null}},"loc":{"start":{"line":5,"column":58},"end":{"line":18,"column":null}}}},"branchMap":{"0":{"loc":{"start":{"line":8,"column":27},"end":{"line":8,"column":72}},"type":"binary-expr","locations":[{"start":{"line":8,"column":27},"end":{"line":8,"column":67}},{"start":{"line":8,"column":71},"end":{"line":8,"column":72}}]},"1":{"loc":{"start":{"line":9,"column":27},"end":{"line":9,"column":73}},"type":"binary-expr","locations":[{"start":{"line":9,"column":27},"end":{"line":9,"column":67}},{"start":{"line":9,"column":71},"end":{"line":9,"column":73}}]}},"s":{"0":1,"1":1,"2":1,"3":1,"4":1,"5":1,"6":1,"7":1,"8":1,"9":0,"10":1},"f":{"0":1,"1":1},"b":{"0":[1,1],"1":[1,1]}}
,"/Users/tinshusasi/Desktop/Tech/Test Code/code test /homespring/backend/src/logger/index.ts": {"path":"/Users/tinshusasi/Desktop/Tech/Test Code/code test /homespring/backend/src/logger/index.ts","statementMap":{"0":{"start":{"line":1,"column":0},"end":{"line":1,"column":26}},"1":{"start":{"line":2,"column":0},"end":{"line":2,"column":30}},"2":{"start":{"line":4,"column":12},"end":{"line":10,"column":2}},"3":{"start":{"line":9,"column":21},"end":{"line":9,"column":null}},"4":{"start":{"line":12,"column":0},"end":{"line":12,"column":19}}},"fnMap":{"0":{"name":"(anonymous_0)","decl":{"start":{"line":9,"column":15},"end":{"line":9,"column":21}},"loc":{"start":{"line":9,"column":15},"end":{"line":9,"column":33}}}},"branchMap":{},"s":{"0":1,"1":1,"2":1,"3":1,"4":1},"f":{"0":1},"b":{}}
,"/Users/tinshusasi/Desktop/Tech/Test Code/code test /homespring/backend/src/routes/books.ts": {"path":"/Users/tinshusasi/Desktop/Tech/Test Code/code test /homespring/backend/src/routes/books.ts","statementMap":{"0":{"start":{"line":1,"column":0},"end":{"line":1,"column":33}},"1":{"start":{"line":2,"column":0},"end":{"line":2,"column":50}},"2":{"start":{"line":3,"column":18},"end":{"line":3,"column":26}},"3":{"start":{"line":5,"column":0},"end":{"line":5,"column":53}},"4":{"start":{"line":8,"column":0},"end":{"line":8,"column":null}}},"fnMap":{},"branchMap":{},"s":{"0":1,"1":1,"2":1,"3":1,"4":1},"f":{},"b":{}}
,"/Users/tinshusasi/Desktop/Tech/Test Code/code test /homespring/backend/src/routes/index.ts": {"path":"/Users/tinshusasi/Desktop/Tech/Test Code/code test /homespring/backend/src/routes/index.ts","statementMap":{"0":{"start":{"line":1,"column":0},"end":{"line":1,"column":35}},"1":{"start":{"line":2,"column":0},"end":{"line":2,"column":34}},"2":{"start":{"line":4,"column":19},"end":{"line":4,"column":35}},"3":{"start":{"line":6,"column":0},"end":{"line":6,"column":null}},"4":{"start":{"line":8,"column":0},"end":{"line":8,"column":26}}},"fnMap":{},"branchMap":{},"s":{"0":1,"1":1,"2":1,"3":1,"4":1},"f":{},"b":{}}
,"/Users/tinshusasi/Desktop/Tech/Test Code/code test /homespring/backend/src/services/books.ts": {"path":"/Users/tinshusasi/Desktop/Tech/Test Code/code test /homespring/backend/src/services/books.ts","statementMap":{"0":{"start":{"line":1,"column":0},"end":{"line":1,"column":44}},"1":{"start":{"line":2,"column":0},"end":{"line":2,"column":27}},"2":{"start":{"line":4,"column":16},"end":{"line":4,"column":95}},"3":{"start":{"line":9,"column":25},"end":{"line":45,"column":null}},"4":{"start":{"line":9,"column":46},"end":{"line":9,"column":70}},"5":{"start":{"line":9,"column":70},"end":{"line":9,"column":null}},"6":{"start":{"line":12,"column":12},"end":{"line":12,"column":null}},"7":{"start":{"line":13,"column":8},"end":{"line":13,"column":null}},"8":{"start":{"line":14,"column":26},"end":{"line":14,"column":null}},"9":{"start":{"line":14,"column":87},"end":{"line":14,"column":96}},"10":{"start":{"line":14,"column":14},"end":{"line":14,"column":null}},"11":{"start":{"line":15,"column":14},"end":{"line":15,"column":null}},"12":{"start":{"line":16,"column":8},"end":{"line":18,"column":null}},"13":{"start":{"line":17,"column":12},"end":{"line":17,"column":48}},"14":{"start":{"line":20,"column":14},"end":{"line":20,"column":30}},"15":{"start":{"line":21,"column":8},"end":{"line":27,"column":null}},"16":{"start":{"line":22,"column":12},"end":{"line":24,"column":null}},"17":{"start":{"line":23,"column":16},"end":{"line":23,"column":22}},"18":{"start":{"line":25,"column":12},"end":{"line":25,"column":null}},"19":{"start":{"line":26,"column":12},"end":{"line":26,"column":null}},"20":{"start":{"line":26,"column":83},"end":{"line":26,"column":92}},"21":{"start":{"line":28,"column":32},"end":{"line":28,"column":null}},"22":{"start":{"line":28,"column":14},"end":{"line":28,"column":null}},"23":{"start":{"line":29,"column":12},"end":{"line":29,"column":null}},"24":{"start":{"line":30,"column":8},"end":{"line":30,"column":32}},"25":{"start":{"line":31,"column":8},"end":{"line":33,"column":null}},"26":{"start":{"line":32,"column":12},"end":{"line":32,"column":null}},"27":{"start":{"line":34,"column":8},"end":{"line":34,"column":null}},"28":{"start":{"line":40,"column":8},"end":{"line":40,"column":null}},"29":{"start":{"line":41,"column":8},"end":{"line":41,"column":23}},"30":{"start":{"line":42,"column":8},"end":{"line":42,"column":null}},"31":{"start":{"line":49,"column":0},"end":{"line":51,"column":null}}},"fnMap":{"0":{"name":"(anonymous_16)","decl":{"start":{"line":9,"column":25},"end":{"line":9,"column":32}},"loc":{"start":{"line":9,"column":93},"end":{"line":45,"column":null}}},"1":{"name":"(anonymous_19)","decl":{"start":{"line":14,"column":80},"end":{"line":14,"column":83}},"loc":{"start":{"line":14,"column":83},"end":{"line":14,"column":90}}},"2":{"name":"(anonymous_20)","decl":{"start":{"line":26,"column":76},"end":{"line":26,"column":79}},"loc":{"start":{"line":26,"column":79},"end":{"line":26,"column":86}}},"3":{"name":"(anonymous_21)","decl":{"start":{"line":31,"column":32},"end":{"line":31,"column":33}},"loc":{"start":{"line":31,"column":52},"end":{"line":33,"column":9}}}},"branchMap":{"0":{"loc":{"start":{"line":9,"column":46},"end":{"line":9,"column":70}},"type":"if","locations":[{"start":{"line":9,"column":46},"end":{"line":9,"column":70}}]},"1":{"loc":{"start":{"line":9,"column":70},"end":{"line":9,"column":null}},"type":"if","locations":[{"start":{"line":9,"column":70},"end":{"line":9,"column":null}}]},"2":{"loc":{"start":{"line":16,"column":8},"end":{"line":18,"column":null}},"type":"if","locations":[{"start":{"line":16,"column":8},"end":{"line":18,"column":null}}]},"3":{"loc":{"start":{"line":22,"column":12},"end":{"line":24,"column":null}},"type":"if","locations":[{"start":{"line":22,"column":12},"end":{"line":24,"column":null}}]}},"s":{"0":1,"1":1,"2":1,"3":1,"4":1,"5":1,"6":1,"7":1,"8":1,"9":1,"10":1,"11":1,"12":1,"13":0,"14":1,"15":1,"16":10,"17":0,"18":10,"19":10,"20":10,"21":1,"22":1,"23":1,"24":1,"25":1,"26":10,"27":1,"28":0,"29":0,"30":0,"31":1},"f":{"0":1,"1":1,"2":10,"3":10},"b":{"0":[0],"1":[0],"2":[0],"3":[0]}}
,"/Users/tinshusasi/Desktop/Tech/Test Code/code test /homespring/backend/src/services/index.ts": {"path":"/Users/tinshusasi/Desktop/Tech/Test Code/code test /homespring/backend/src/services/index.ts","statementMap":{"0":{"start":{"line":1,"column":0},"end":{"line":1,"column":34}},"1":{"start":{"line":3,"column":0},"end":{"line":5,"column":null}}},"fnMap":{},"branchMap":{},"s":{"0":1,"1":1},"f":{},"b":{}}
}
