TN:
SF:src/index.ts
FN:24,(anonymous_0)
FNF:1
FNH:1
FNDA:1,(anonymous_0)
DA:2,1
DA:3,1
DA:5,1
DA:6,1
DA:7,1
DA:8,1
DA:10,1
DA:11,0
DA:14,1
DA:16,1
DA:18,1
DA:19,1
DA:20,1
DA:22,1
DA:24,1
DA:25,1
DA:28,1
LF:17
LH:16
BRDA:10,0,0,0
BRF:1
BRH:0
end_of_record
TN:
SF:src/controllers/books.ts
FN:5,(anonymous_13)
FN:5,(anonymous_14)
FNF:2
FNH:2
FNDA:1,(anonymous_13)
FNDA:1,(anonymous_14)
DA:2,1
DA:5,1
DA:7,1
DA:8,1
DA:9,1
DA:10,1
DA:11,1
DA:15,0
DA:20,1
LF:9
LH:8
BRDA:8,0,0,1
BRDA:8,0,1,1
BRDA:9,1,0,1
BRDA:9,1,1,1
BRF:4
BRH:4
end_of_record
TN:
SF:src/logger/index.ts
FN:9,(anonymous_0)
FNF:1
FNH:1
FNDA:1,(anonymous_0)
DA:1,1
DA:2,1
DA:4,1
DA:9,1
DA:12,1
LF:5
LH:5
BRF:0
BRH:0
end_of_record
TN:
SF:src/routes/books.ts
FNF:0
FNH:0
DA:1,1
DA:2,1
DA:3,1
DA:5,1
DA:8,1
LF:5
LH:5
BRF:0
BRH:0
end_of_record
TN:
SF:src/routes/index.ts
FNF:0
FNH:0
DA:1,1
DA:2,1
DA:4,1
DA:6,1
DA:8,1
LF:5
LH:5
BRF:0
BRH:0
end_of_record
TN:
SF:src/services/books.ts
FN:9,(anonymous_16)
FN:14,(anonymous_19)
FN:26,(anonymous_20)
FN:31,(anonymous_21)
FNF:4
FNH:4
FNDA:1,(anonymous_16)
FNDA:1,(anonymous_19)
FNDA:10,(anonymous_20)
FNDA:10,(anonymous_21)
DA:1,1
DA:2,1
DA:4,1
DA:9,1
DA:12,1
DA:13,1
DA:14,1
DA:15,1
DA:16,1
DA:17,0
DA:20,1
DA:21,1
DA:22,10
DA:23,0
DA:25,10
DA:26,10
DA:28,1
DA:29,1
DA:30,1
DA:31,1
DA:32,10
DA:34,1
DA:40,0
DA:41,0
DA:42,0
DA:49,1
LF:26
LH:21
BRDA:9,0,0,0
BRDA:9,1,0,0
BRDA:16,2,0,0
BRDA:22,3,0,0
BRF:4
BRH:0
end_of_record
TN:
SF:src/services/index.ts
FNF:0
FNH:0
DA:1,1
DA:3,1
LF:2
LH:2
BRF:0
BRH:0
end_of_record
